This file contains any messages produced by compilers while
running configure, to aid debugging if configure makes a mistake.

It was created by arena configure 1.0, which was
generated by GNU Autoconf 2.69.  Invocation command line was

  $ ./configure --no-create --no-recursion

## --------- ##
## Platform. ##
## --------- ##

hostname = kiepe-VirtualBox
uname -m = x86_64
uname -r = 5.15.0-102-generic
uname -s = Linux
uname -v = #112~20.04.1-Ubuntu SMP Thu Mar 14 14:28:24 UTC 2024

/usr/bin/uname -p = x86_64
/bin/uname -X     = unknown

/bin/arch              = x86_64
/usr/bin/arch -k       = unknown
/usr/convex/getsysinfo = unknown
/usr/bin/hostinfo      = unknown
/bin/machine           = unknown
/usr/bin/oslevel       = unknown
/bin/universe          = unknown

PATH: /home/kiepe/.vscode-server/bin/8b3775030ed1a69b13e4f4c628c612102e30a681/bin/remote-cli
PATH: /usr/local/sbin
PATH: /usr/local/bin
PATH: /usr/sbin
PATH: /usr/bin
PATH: /sbin
PATH: /bin
PATH: /usr/games
PATH: /usr/local/games
PATH: /snap/bin


## ----------- ##
## Core tests. ##
## ----------- ##

configure:2309: checking for a BSD-compatible install
configure:2377: result: /usr/bin/install -c
configure:2388: checking whether build environment is sane
configure:2443: result: yes
configure:2592: checking for a thread-safe mkdir -p
configure:2631: result: /usr/bin/mkdir -p
configure:2638: checking for gawk
configure:2654: found /usr/bin/gawk
configure:2665: result: gawk
configure:2676: checking whether make sets $(MAKE)
configure:2698: result: yes
configure:2727: checking whether make supports nested variables
configure:2744: result: yes
configure:2928: checking for g++
configure:2944: found /usr/bin/g++
configure:2955: result: g++
configure:2982: checking for C++ compiler version
configure:2991: g++ --version >&5
g++ (Ubuntu 9.4.0-1ubuntu1~20.04.2) 9.4.0
Copyright (C) 2019 Free Software Foundation, Inc.
This is free software; see the source for copying conditions.  There is NO
warranty; not even for MERCHANTABILITY or FITNESS FOR A PARTICULAR PURPOSE.

configure:3002: $? = 0
configure:2991: g++ -v >&5
Using built-in specs.
COLLECT_GCC=g++
COLLECT_LTO_WRAPPER=/usr/lib/gcc/x86_64-linux-gnu/9/lto-wrapper
OFFLOAD_TARGET_NAMES=nvptx-none:hsa
OFFLOAD_TARGET_DEFAULT=1
Target: x86_64-linux-gnu
Configured with: ../src/configure -v --with-pkgversion='Ubuntu 9.4.0-1ubuntu1~20.04.2' --with-bugurl=file:///usr/share/doc/gcc-9/README.Bugs --enable-languages=c,ada,c++,go,brig,d,fortran,objc,obj-c++,gm2 --prefix=/usr --with-gcc-major-version-only --program-suffix=-9 --program-prefix=x86_64-linux-gnu- --enable-shared --enable-linker-build-id --libexecdir=/usr/lib --without-included-gettext --enable-threads=posix --libdir=/usr/lib --enable-nls --enable-clocale=gnu --enable-libstdcxx-debug --enable-libstdcxx-time=yes --with-default-libstdcxx-abi=new --enable-gnu-unique-object --disable-vtable-verify --enable-plugin --enable-default-pie --with-system-zlib --with-target-system-zlib=auto --enable-objc-gc=auto --enable-multiarch --disable-werror --with-arch-32=i686 --with-abi=m64 --with-multilib-list=m32,m64,mx32 --enable-multilib --with-tune=generic --enable-offload-targets=nvptx-none=/build/gcc-9-9QDOt0/gcc-9-9.4.0/debian/tmp-nvptx/usr,hsa --without-cuda-driver --enable-checking=release --build=x86_64-linux-gnu --host=x86_64-linux-gnu --target=x86_64-linux-gnu
Thread model: posix
gcc version 9.4.0 (Ubuntu 9.4.0-1ubuntu1~20.04.2) 
configure:3002: $? = 0
configure:2991: g++ -V >&5
g++: error: unrecognized command line option '-V'
g++: fatal error: no input files
compilation terminated.
configure:3002: $? = 1
configure:2991: g++ -qversion >&5
g++: error: unrecognized command line option '-qversion'; did you mean '--version'?
g++: fatal error: no input files
compilation terminated.
configure:3002: $? = 1
configure:3022: checking whether the C++ compiler works
configure:3044: g++    conftest.cpp  >&5
configure:3048: $? = 0
configure:3096: result: yes
configure:3099: checking for C++ compiler default output file name
configure:3101: result: a.out
configure:3107: checking for suffix of executables
configure:3114: g++ -o conftest    conftest.cpp  >&5
configure:3118: $? = 0
configure:3140: result: 
configure:3162: checking whether we are cross compiling
configure:3170: g++ -o conftest    conftest.cpp  >&5
configure:3174: $? = 0
configure:3181: ./conftest
configure:3185: $? = 0
configure:3173: result: no
configure:3178: checking for suffix of object files
configure:3200: g++ -c   conftest.cpp >&5
configure:3204: $? = 0
configure:3225: result: o
configure:3229: checking whether we are using the GNU C++ compiler
configure:3248: g++ -c   conftest.cpp >&5
configure:3248: $? = 0
configure:3257: result: yes
configure:3266: checking whether g++ accepts -g
configure:3286: g++ -c -g  conftest.cpp >&5
configure:3286: $? = 0
configure:3327: result: yes
configure:3353: checking whether make supports the include directive
configure:3368: make -f confmf.GNU && cat confinc.out
make[1]: Entering directory '/home/kiepe/criticalfight'
make[1]: Leaving directory '/home/kiepe/criticalfight'
this is the am__doit target
configure:3371: $? = 0
configure:3390: result: yes (GNU style)
configure:3415: checking dependency style of g++
configure:3526: result: gcc3
configure:3589: checking for gcc
configure:3605: found /usr/bin/gcc
configure:3616: result: gcc
configure:3845: checking for C compiler version
configure:3854: gcc --version >&5
gcc (Ubuntu 9.4.0-1ubuntu1~20.04.2) 9.4.0
Copyright (C) 2019 Free Software Foundation, Inc.
This is free software; see the source for copying conditions.  There is NO
warranty; not even for MERCHANTABILITY or FITNESS FOR A PARTICULAR PURPOSE.

configure:3865: $? = 0
configure:3854: gcc -v >&5
Using built-in specs.
COLLECT_GCC=gcc
COLLECT_LTO_WRAPPER=/usr/lib/gcc/x86_64-linux-gnu/9/lto-wrapper
OFFLOAD_TARGET_NAMES=nvptx-none:hsa
OFFLOAD_TARGET_DEFAULT=1
Target: x86_64-linux-gnu
Configured with: ../src/configure -v --with-pkgversion='Ubuntu 9.4.0-1ubuntu1~20.04.2' --with-bugurl=file:///usr/share/doc/gcc-9/README.Bugs --enable-languages=c,ada,c++,go,brig,d,fortran,objc,obj-c++,gm2 --prefix=/usr --with-gcc-major-version-only --program-suffix=-9 --program-prefix=x86_64-linux-gnu- --enable-shared --enable-linker-build-id --libexecdir=/usr/lib --without-included-gettext --enable-threads=posix --libdir=/usr/lib --enable-nls --enable-clocale=gnu --enable-libstdcxx-debug --enable-libstdcxx-time=yes --with-default-libstdcxx-abi=new --enable-gnu-unique-object --disable-vtable-verify --enable-plugin --enable-default-pie --with-system-zlib --with-target-system-zlib=auto --enable-objc-gc=auto --enable-multiarch --disable-werror --with-arch-32=i686 --with-abi=m64 --with-multilib-list=m32,m64,mx32 --enable-multilib --with-tune=generic --enable-offload-targets=nvptx-none=/build/gcc-9-9QDOt0/gcc-9-9.4.0/debian/tmp-nvptx/usr,hsa --without-cuda-driver --enable-checking=release --build=x86_64-linux-gnu --host=x86_64-linux-gnu --target=x86_64-linux-gnu
Thread model: posix
gcc version 9.4.0 (Ubuntu 9.4.0-1ubuntu1~20.04.2) 
configure:3865: $? = 0
configure:3854: gcc -V >&5
gcc: error: unrecognized command line option '-V'
gcc: fatal error: no input files
compilation terminated.
configure:3865: $? = 1
configure:3854: gcc -qversion >&5
gcc: error: unrecognized command line option '-qversion'; did you mean '--version'?
gcc: fatal error: no input files
compilation terminated.
configure:3865: $? = 1
configure:3869: checking whether we are using the GNU C compiler
configure:3888: gcc -c   conftest.c >&5
configure:3888: $? = 0
configure:3897: result: yes
configure:3906: checking whether gcc accepts -g
configure:3926: gcc -c -g  conftest.c >&5
configure:3926: $? = 0
configure:3967: result: yes
configure:3984: checking for gcc option to accept ISO C89
configure:4047: gcc  -c -g -O2  conftest.c >&5
configure:4047: $? = 0
configure:4060: result: none needed
configure:4085: checking whether gcc understands -c and -o together
configure:4107: gcc -c conftest.c -o conftest2.o
configure:4110: $? = 0
configure:4107: gcc -c conftest.c -o conftest2.o
configure:4110: $? = 0
configure:4122: result: yes
configure:4141: checking dependency style of gcc
configure:4252: result: gcc3
configure:4310: checking for ranlib
configure:4326: found /usr/bin/ranlib
configure:4337: result: ranlib
configure:4409: checking for ar
configure:4425: found /usr/bin/ar
configure:4436: result: ar
configure:4462: checking the archiver (ar) interface
configure:4478: gcc -c -g -O2  conftest.c >&5
configure:4478: $? = 0
configure:4480: ar cru libconftest.a conftest.o >&5
ar: `u' modifier ignored since `D' is the default (see `U')
configure:4483: $? = 0
configure:4482: result: ar
configure:4531: checking build system type
configure:4545: result: x86_64-pc-linux-gnu
configure:4565: checking host system type
configure:4578: result: x86_64-pc-linux-gnu
configure:4619: checking how to print strings
configure:4646: result: printf
configure:4667: checking for a sed that does not truncate output
configure:4731: result: /usr/bin/sed
configure:4749: checking for grep that handles long lines and -e
configure:4807: result: /usr/bin/grep
configure:4812: checking for egrep
configure:4874: result: /usr/bin/grep -E
configure:4879: checking for fgrep
configure:4941: result: /usr/bin/grep -F
configure:4976: checking for ld used by gcc
configure:5043: result: /usr/bin/ld
configure:5050: checking if the linker (/usr/bin/ld) is GNU ld
configure:5065: result: yes
configure:5077: checking for BSD- or MS-compatible name lister (nm)
configure:5131: result: /usr/bin/nm -B
configure:5261: checking the name lister (/usr/bin/nm -B) interface
configure:5268: gcc -c -g -O2  conftest.c >&5
configure:5271: /usr/bin/nm -B "conftest.o"
configure:5274: output
0000000000000000 B some_variable
configure:5275: result: BSD nm
configure:5278: checking whether ln -s works
configure:5282: result: yes
configure:5290: checking the maximum length of command line arguments
configure:5421: result: 1572864
configure:5469: checking how to convert x86_64-pc-linux-gnu file names to x86_64-pc-linux-gnu format
configure:5509: result: func_convert_file_noop
configure:5516: checking how to convert x86_64-pc-linux-gnu file names to toolchain format
configure:5536: result: func_convert_file_noop
configure:5543: checking for /usr/bin/ld option to reload object files
configure:5550: result: -r
configure:5624: checking for objdump
configure:5640: found /usr/bin/objdump
configure:5651: result: objdump
configure:5683: checking how to recognize dependent libraries
configure:5883: result: pass_all
configure:5968: checking for dlltool
configure:5998: result: no
configure:6028: checking how to associate runtime and link libraries
configure:6055: result: printf %s\n
configure:6179: checking for archiver @FILE support
configure:6196: gcc -c -g -O2  conftest.c >&5
configure:6196: $? = 0
configure:6199: ar cr libconftest.a @conftest.lst >&5
configure:6202: $? = 0
configure:6207: ar cr libconftest.a @conftest.lst >&5
ar: conftest.o: No such file or directory
configure:6210: $? = 1
configure:6209: result: @
configure:6267: checking for strip
configure:6283: found /usr/bin/strip
configure:6294: result: strip
configure:6366: checking for ranlib
configure:6393: result: ranlib
configure:6495: checking command to parse /usr/bin/nm -B output from gcc object
configure:6648: gcc -c -g -O2  conftest.c >&5
configure:6651: $? = 0
configure:6655: /usr/bin/nm -B conftest.o | sed -n -e 's/^.*[	 ]\([ABCDGIRSTW][ABCDGIRSTW]*\)[	 ][	 ]*\([_A-Za-z][_A-Za-z0-9]*\)$/\1 \2 \2/p' | sed '/ __gnu_lto/d' > conftest.nm
configure:6721: gcc -o conftest -g -O2   conftest.c conftstm.o >&5
configure:6724: $? = 0
configure:6762: result: ok
configure:6809: checking for sysroot
configure:6839: result: no
configure:6846: checking for a working dd
configure:6884: result: /usr/bin/dd
configure:6888: checking how to truncate binary pipes
configure:6903: result: /usr/bin/dd bs=4096 count=1
configure:7039: gcc -c -g -O2  conftest.c >&5
configure:7042: $? = 0
configure:7232: checking for mt
configure:7248: found /usr/bin/mt
configure:7259: result: mt
configure:7282: checking if mt is a manifest tool
configure:7288: mt '-?'
configure:7296: result: no
configure:7973: checking how to run the C preprocessor
configure:8004: gcc -E  conftest.c
configure:8004: $? = 0
configure:8018: gcc -E  conftest.c
conftest.c:11:10: fatal error: ac_nonexistent.h: No such file or directory
   11 | #include <ac_nonexistent.h>
      |          ^~~~~~~~~~~~~~~~~~
compilation terminated.
configure:8018: $? = 1
configure: failed program was:
| /* confdefs.h */
| #define PACKAGE_NAME "arena"
| #define PACKAGE_TARNAME "arena"
| #define PACKAGE_VERSION "1.0"
| #define PACKAGE_STRING "arena 1.0"
| #define PACKAGE_BUGREPORT "fateixeira@criticalsoftware.com"
| #define PACKAGE_URL ""
| #define PACKAGE "arena"
| #define VERSION "1.0"
| /* end confdefs.h.  */
| #include <ac_nonexistent.h>
configure:8043: result: gcc -E
configure:8063: gcc -E  conftest.c
configure:8063: $? = 0
configure:8077: gcc -E  conftest.c
conftest.c:11:10: fatal error: ac_nonexistent.h: No such file or directory
   11 | #include <ac_nonexistent.h>
      |          ^~~~~~~~~~~~~~~~~~
compilation terminated.
configure:8077: $? = 1
configure: failed program was:
| /* confdefs.h */
| #define PACKAGE_NAME "arena"
| #define PACKAGE_TARNAME "arena"
| #define PACKAGE_VERSION "1.0"
| #define PACKAGE_STRING "arena 1.0"
| #define PACKAGE_BUGREPORT "fateixeira@criticalsoftware.com"
| #define PACKAGE_URL ""
| #define PACKAGE "arena"
| #define VERSION "1.0"
| /* end confdefs.h.  */
| #include <ac_nonexistent.h>
configure:8106: checking for ANSI C header files
configure:8126: gcc -c -g -O2  conftest.c >&5
configure:8126: $? = 0
configure:8199: gcc -o conftest -g -O2   conftest.c  >&5
configure:8199: $? = 0
configure:8199: ./conftest
configure:8199: $? = 0
configure:8210: result: yes
configure:8223: checking for sys/types.h
configure:8223: gcc -c -g -O2  conftest.c >&5
configure:8223: $? = 0
configure:8223: result: yes
configure:8223: checking for sys/stat.h
configure:8223: gcc -c -g -O2  conftest.c >&5
configure:8223: $? = 0
configure:8223: result: yes
configure:8223: checking for stdlib.h
configure:8223: gcc -c -g -O2  conftest.c >&5
configure:8223: $? = 0
configure:8223: result: yes
configure:8223: checking for string.h
configure:8223: gcc -c -g -O2  conftest.c >&5
configure:8223: $? = 0
configure:8223: result: yes
configure:8223: checking for memory.h
configure:8223: gcc -c -g -O2  conftest.c >&5
configure:8223: $? = 0
configure:8223: result: yes
configure:8223: checking for strings.h
configure:8223: gcc -c -g -O2  conftest.c >&5
configure:8223: $? = 0
configure:8223: result: yes
configure:8223: checking for inttypes.h
configure:8223: gcc -c -g -O2  conftest.c >&5
configure:8223: $? = 0
configure:8223: result: yes
configure:8223: checking for stdint.h
configure:8223: gcc -c -g -O2  conftest.c >&5
configure:8223: $? = 0
configure:8223: result: yes
configure:8223: checking for unistd.h
configure:8223: gcc -c -g -O2  conftest.c >&5
configure:8223: $? = 0
configure:8223: result: yes
configure:8237: checking for dlfcn.h
configure:8237: gcc -c -g -O2  conftest.c >&5
configure:8237: $? = 0
configure:8237: result: yes
configure:8504: checking for objdir
configure:8519: result: .libs
configure:8779: checking if gcc supports -fno-rtti -fno-exceptions
configure:8797: gcc -c -g -O2  -fno-rtti -fno-exceptions conftest.c >&5
cc1: warning: command line option '-fno-rtti' is valid for C++/D/ObjC++ but not for C
configure:8801: $? = 0
configure:8814: result: no
configure:9178: checking for gcc option to produce PIC
configure:9185: result: -fPIC -DPIC
configure:9193: checking if gcc PIC flag -fPIC -DPIC works
configure:9211: gcc -c -g -O2  -fPIC -DPIC -DPIC conftest.c >&5
configure:9215: $? = 0
configure:9228: result: yes
configure:9257: checking if gcc static flag -static works
configure:9285: result: yes
configure:9300: checking if gcc supports -c -o file.o
configure:9321: gcc -c -g -O2  -o out/conftest2.o conftest.c >&5
configure:9325: $? = 0
configure:9347: result: yes
configure:9355: checking if gcc supports -c -o file.o
configure:9402: result: yes
configure:9435: checking whether the gcc linker (/usr/bin/ld -m elf_x86_64) supports shared libraries
configure:10698: result: yes
configure:10735: checking whether -lc should be explicitly linked in
configure:10743: gcc -c -g -O2  conftest.c >&5
configure:10746: $? = 0
configure:10761: gcc -shared  -fPIC -DPIC conftest.o  -v -Wl,-soname -Wl,conftest -o conftest 2\>\&1 \| /usr/bin/grep  -lc  \>/dev/null 2\>\&1
configure:10764: $? = 0
configure:10778: result: no
configure:10938: checking dynamic linker characteristics
configure:11519: gcc -o conftest -g -O2   -Wl,-rpath -Wl,/foo conftest.c  >&5
configure:11519: $? = 0
configure:11768: result: GNU/Linux ld.so
configure:11890: checking how to hardcode library paths into programs
configure:11915: result: immediate
configure:12463: checking whether stripping libraries is possible
configure:12468: result: yes
configure:12503: checking if libtool supports shared libraries
configure:12505: result: yes
configure:12508: checking whether to build shared libraries
configure:12533: result: yes
configure:12536: checking whether to build static libraries
configure:12540: result: yes
configure:9339: checking how to run the C++ preprocessor
configure:9366: g++ -E  conftest.cpp
configure:9366: $? = 0
configure:9380: g++ -E  conftest.cpp
conftest.cpp:23:10: fatal error: ac_nonexistent.h: No such file or directory
   23 | #include <ac_nonexistent.h>
      |          ^~~~~~~~~~~~~~~~~~
compilation terminated.
configure:9380: $? = 1
configure: failed program was:
| /* confdefs.h */
| #define PACKAGE_NAME "arena"
| #define PACKAGE_TARNAME "arena"
| #define PACKAGE_VERSION "1.0"
| #define PACKAGE_STRING "arena 1.0"
| #define PACKAGE_BUGREPORT "fateixeira@criticalsoftware.com"
| #define PACKAGE_URL ""
| #define PACKAGE "arena"
| #define VERSION "1.0"
| #define STDC_HEADERS 1
| #define HAVE_SYS_TYPES_H 1
| #define HAVE_SYS_STAT_H 1
| #define HAVE_STDLIB_H 1
| #define HAVE_STRING_H 1
| #define HAVE_MEMORY_H 1
| #define HAVE_STRINGS_H 1
| #define HAVE_INTTYPES_H 1
| #define HAVE_STDINT_H 1
| #define HAVE_UNISTD_H 1
| #define HAVE_DLFCN_H 1
| #define LT_OBJDIR ".libs/"
| /* end confdefs.h.  */
| #include <ac_nonexistent.h>
configure:9405: result: g++ -E
configure:9425: g++ -E  conftest.cpp
configure:9425: $? = 0
configure:9439: g++ -E  conftest.cpp
conftest.cpp:23:10: fatal error: ac_nonexistent.h: No such file or directory
   23 | #include <ac_nonexistent.h>
      |          ^~~~~~~~~~~~~~~~~~
compilation terminated.
configure:9439: $? = 1
configure: failed program was:
| /* confdefs.h */
| #define PACKAGE_NAME "arena"
| #define PACKAGE_TARNAME "arena"
| #define PACKAGE_VERSION "1.0"
| #define PACKAGE_STRING "arena 1.0"
| #define PACKAGE_BUGREPORT "fateixeira@criticalsoftware.com"
| #define PACKAGE_URL ""
| #define PACKAGE "arena"
| #define VERSION "1.0"
| #define STDC_HEADERS 1
| #define HAVE_SYS_TYPES_H 1
| #define HAVE_SYS_STAT_H 1
| #define HAVE_STDLIB_H 1
| #define HAVE_STRING_H 1
| #define HAVE_MEMORY_H 1
| #define HAVE_STRINGS_H 1
| #define HAVE_INTTYPES_H 1
| #define HAVE_STDINT_H 1
| #define HAVE_UNISTD_H 1
| #define HAVE_DLFCN_H 1
| #define LT_OBJDIR ".libs/"
| /* end confdefs.h.  */
| #include <ac_nonexistent.h>
configure:9601: checking for ld used by g++
configure:9668: result: /usr/bin/ld -m elf_x86_64
configure:9675: checking if the linker (/usr/bin/ld -m elf_x86_64) is GNU ld
configure:9690: result: yes
configure:9745: checking whether the g++ linker (/usr/bin/ld -m elf_x86_64) supports shared libraries
configure:10818: result: yes
configure:10854: g++ -c -g -O2  conftest.cpp >&5
configure:10857: $? = 0
configure:11338: checking for g++ option to produce PIC
configure:11345: result: -fPIC -DPIC
configure:11353: checking if g++ PIC flag -fPIC -DPIC works
configure:11371: g++ -c -g -O2  -fPIC -DPIC -DPIC conftest.cpp >&5
configure:11375: $? = 0
configure:11388: result: yes
configure:11411: checking if g++ static flag -static works
configure:11439: result: yes
configure:11451: checking if g++ supports -c -o file.o
configure:11472: g++ -c -g -O2  -o out/conftest2.o conftest.cpp >&5
configure:11476: $? = 0
configure:11498: result: yes
configure:11503: checking if g++ supports -c -o file.o
configure:11550: result: yes
configure:11580: checking whether the g++ linker (/usr/bin/ld -m elf_x86_64) supports shared libraries
configure:11623: result: yes
configure:11764: checking dynamic linker characteristics
configure:12521: result: GNU/Linux ld.so
configure:12586: checking how to hardcode library paths into programs
configure:12611: result: immediate
configure:11608: checking that generated files are newer than configure
configure:11614: result: done
configure:11641: creating ./config.status

## ---------------- ##
## Cache variables. ##
## ---------------- ##

ac_cv_build=x86_64-pc-linux-gnu
ac_cv_c_compiler_gnu=yes
ac_cv_cxx_compiler_gnu=yes
ac_cv_env_CCC_set=
ac_cv_env_CCC_value=
ac_cv_env_CC_set=
ac_cv_env_CC_value=
ac_cv_env_CFLAGS_set=
ac_cv_env_CFLAGS_value=
ac_cv_env_CPPFLAGS_set=
ac_cv_env_CPPFLAGS_value=
ac_cv_env_CPP_set=
ac_cv_env_CPP_value=
ac_cv_env_CXXCPP_set=
ac_cv_env_CXXCPP_value=
ac_cv_env_CXXFLAGS_set=
ac_cv_env_CXXFLAGS_value=
ac_cv_env_CXX_set=
ac_cv_env_CXX_value=
ac_cv_env_LDFLAGS_set=
ac_cv_env_LDFLAGS_value=
ac_cv_env_LIBS_set=
ac_cv_env_LIBS_value=
ac_cv_env_LT_SYS_LIBRARY_PATH_set=
ac_cv_env_LT_SYS_LIBRARY_PATH_value=
ac_cv_env_build_alias_set=
ac_cv_env_build_alias_value=
ac_cv_env_host_alias_set=
ac_cv_env_host_alias_value=
ac_cv_env_target_alias_set=
ac_cv_env_target_alias_value=
ac_cv_header_dlfcn_h=yes
ac_cv_header_inttypes_h=yes
ac_cv_header_memory_h=yes
ac_cv_header_stdc=yes
ac_cv_header_stdint_h=yes
ac_cv_header_stdlib_h=yes
ac_cv_header_string_h=yes
ac_cv_header_strings_h=yes
ac_cv_header_sys_stat_h=yes
ac_cv_header_sys_types_h=yes
ac_cv_header_unistd_h=yes
ac_cv_host=x86_64-pc-linux-gnu
ac_cv_objext=o
ac_cv_path_EGREP='/usr/bin/grep -E'
ac_cv_path_FGREP='/usr/bin/grep -F'
ac_cv_path_GREP=/usr/bin/grep
ac_cv_path_SED=/usr/bin/sed
ac_cv_path_install='/usr/bin/install -c'
ac_cv_path_lt_DD=/usr/bin/dd
ac_cv_path_mkdir=/usr/bin/mkdir
ac_cv_prog_AWK=gawk
ac_cv_prog_CPP='gcc -E'
ac_cv_prog_CXXCPP='g++ -E'
ac_cv_prog_ac_ct_AR=ar
ac_cv_prog_ac_ct_CC=gcc
ac_cv_prog_ac_ct_CXX=g++
ac_cv_prog_ac_ct_MANIFEST_TOOL=mt
ac_cv_prog_ac_ct_OBJDUMP=objdump
ac_cv_prog_ac_ct_RANLIB=ranlib
ac_cv_prog_ac_ct_STRIP=strip
ac_cv_prog_cc_c89=
ac_cv_prog_cc_g=yes
ac_cv_prog_cxx_g=yes
ac_cv_prog_make_make_set=yes
am_cv_CC_dependencies_compiler_type=gcc3
am_cv_CXX_dependencies_compiler_type=gcc3
am_cv_ar_interface=ar
am_cv_make_support_nested_variables=yes
am_cv_prog_cc_c_o=yes
lt_cv_ar_at_file=@
lt_cv_archive_cmds_need_lc=no
lt_cv_deplibs_check_method=pass_all
lt_cv_file_magic_cmd='$MAGIC_CMD'
lt_cv_file_magic_test_file=
lt_cv_ld_reload_flag=-r
lt_cv_nm_interface='BSD nm'
lt_cv_objdir=.libs
lt_cv_path_LD=/usr/bin/ld
lt_cv_path_LDCXX='/usr/bin/ld -m elf_x86_64'
lt_cv_path_NM='/usr/bin/nm -B'
lt_cv_path_mainfest_tool=no
lt_cv_prog_compiler_c_o=yes
lt_cv_prog_compiler_c_o_CXX=yes
lt_cv_prog_compiler_pic='-fPIC -DPIC'
lt_cv_prog_compiler_pic_CXX='-fPIC -DPIC'
lt_cv_prog_compiler_pic_works=yes
lt_cv_prog_compiler_pic_works_CXX=yes
lt_cv_prog_compiler_rtti_exceptions=no
lt_cv_prog_compiler_static_works=yes
lt_cv_prog_compiler_static_works_CXX=yes
lt_cv_prog_gnu_ld=yes
lt_cv_prog_gnu_ldcxx=yes
lt_cv_sharedlib_from_linklib_cmd='printf %s\n'
lt_cv_shlibpath_overrides_runpath=yes
lt_cv_sys_global_symbol_pipe='sed -n -e '\''s/^.*[	 ]\([ABCDGIRSTW][ABCDGIRSTW]*\)[	 ][	 ]*\([_A-Za-z][_A-Za-z0-9]*\)$/\1 \2 \2/p'\'' | sed '\''/ __gnu_lto/d'\'''
lt_cv_sys_global_symbol_to_c_name_address='sed -n -e '\''s/^: \(.*\) .*$/  {"\1", (void *) 0},/p'\'' -e '\''s/^[ABCDGIRSTW][ABCDGIRSTW]* .* \(.*\)$/  {"\1", (void *) \&\1},/p'\'''
lt_cv_sys_global_symbol_to_c_name_address_lib_prefix='sed -n -e '\''s/^: \(.*\) .*$/  {"\1", (void *) 0},/p'\'' -e '\''s/^[ABCDGIRSTW][ABCDGIRSTW]* .* \(lib.*\)$/  {"\1", (void *) \&\1},/p'\'' -e '\''s/^[ABCDGIRSTW][ABCDGIRSTW]* .* \(.*\)$/  {"lib\1", (void *) \&\1},/p'\'''
lt_cv_sys_global_symbol_to_cdecl='sed -n -e '\''s/^T .* \(.*\)$/extern int \1();/p'\'' -e '\''s/^[ABCDGIRSTW][ABCDGIRSTW]* .* \(.*\)$/extern char \1;/p'\'''
lt_cv_sys_global_symbol_to_import=
lt_cv_sys_max_cmd_len=1572864
lt_cv_to_host_file_cmd=func_convert_file_noop
lt_cv_to_tool_file_cmd=func_convert_file_noop
lt_cv_truncate_bin='/usr/bin/dd bs=4096 count=1'

## ----------------- ##
## Output variables. ##
## ----------------- ##

ACLOCAL='${SHELL} /home/kiepe/criticalfight/missing aclocal-1.16'
AMDEPBACKSLASH='\'
AMDEP_FALSE='#'
AMDEP_TRUE=''
AMTAR='$${TAR-tar}'
AM_BACKSLASH='\'
AM_DEFAULT_V='$(AM_DEFAULT_VERBOSITY)'
AM_DEFAULT_VERBOSITY='1'
AM_V='$(V)'
AR='ar'
AUTOCONF='${SHELL} /home/kiepe/criticalfight/missing autoconf'
AUTOHEADER='${SHELL} /home/kiepe/criticalfight/missing autoheader'
AUTOMAKE='${SHELL} /home/kiepe/criticalfight/missing automake-1.16'
AWK='gawk'
CC='gcc'
CCDEPMODE='depmode=gcc3'
CFLAGS='-g -O2'
CPP='gcc -E'
CPPFLAGS=''
CXX='g++'
CXXCPP='g++ -E'
CXXDEPMODE='depmode=gcc3'
CXXFLAGS='-g -O2'
CYGPATH_W='echo'
DEFS='-DHAVE_CONFIG_H'
DEPDIR='.deps'
DLLTOOL='false'
DSYMUTIL=''
DUMPBIN=''
ECHO_C=''
ECHO_N='-n'
ECHO_T=''
EGREP='/usr/bin/grep -E'
EXEEXT=''
FGREP='/usr/bin/grep -F'
GREP='/usr/bin/grep'
INSTALL_DATA='${INSTALL} -m 644'
INSTALL_PROGRAM='${INSTALL}'
INSTALL_SCRIPT='${INSTALL}'
INSTALL_STRIP_PROGRAM='$(install_sh) -c -s'
LD='/usr/bin/ld -m elf_x86_64'
LDFLAGS=''
LIBOBJS=''
LIBS=''
LIBTOOL='$(SHELL) $(top_builddir)/libtool'
LIPO=''
LN_S='ln -s'
LTLIBOBJS=''
LT_SYS_LIBRARY_PATH=''
MAKEINFO='${SHELL} /home/kiepe/criticalfight/missing makeinfo'
MANIFEST_TOOL=':'
MKDIR_P='/usr/bin/mkdir -p'
NM='/usr/bin/nm -B'
NMEDIT=''
OBJDUMP='objdump'
OBJEXT='o'
OTOOL64=''
OTOOL=''
PACKAGE='arena'
PACKAGE_BUGREPORT='fateixeira@criticalsoftware.com'
PACKAGE_NAME='arena'
PACKAGE_STRING='arena 1.0'
PACKAGE_TARNAME='arena'
PACKAGE_URL=''
PACKAGE_VERSION='1.0'
PATH_SEPARATOR=':'
RANLIB='ranlib'
SED='/usr/bin/sed'
SET_MAKE=''
SHELL='/bin/bash'
STRIP='strip'
VERSION='1.0'
ac_ct_AR='ar'
ac_ct_CC='gcc'
ac_ct_CXX='g++'
ac_ct_DUMPBIN=''
am__EXEEXT_FALSE=''
am__EXEEXT_TRUE='#'
am__fastdepCC_FALSE='#'
am__fastdepCC_TRUE=''
am__fastdepCXX_FALSE='#'
am__fastdepCXX_TRUE=''
am__include='include'
am__isrc=''
am__leading_dot='.'
am__nodep='_no'
am__quote=''
am__tar='$${TAR-tar} chof - "$$tardir"'
am__untar='$${TAR-tar} xf -'
bindir='${exec_prefix}/bin'
build='x86_64-pc-linux-gnu'
build_alias=''
build_cpu='x86_64'
build_os='linux-gnu'
build_vendor='pc'
datadir='${datarootdir}'
datarootdir='${prefix}/share'
docdir='${datarootdir}/doc/${PACKAGE_TARNAME}'
dvidir='${docdir}'
exec_prefix='${prefix}'
host='x86_64-pc-linux-gnu'
host_alias=''
host_cpu='x86_64'
host_os='linux-gnu'
host_vendor='pc'
htmldir='${docdir}'
includedir='${prefix}/include'
infodir='${datarootdir}/info'
install_sh='${SHELL} /home/kiepe/criticalfight/install-sh'
libdir='${exec_prefix}/lib'
libexecdir='${exec_prefix}/libexec'
localedir='${datarootdir}/locale'
localstatedir='${prefix}/var'
mandir='${datarootdir}/man'
mkdir_p='$(MKDIR_P)'
oldincludedir='/usr/include'
pdfdir='${docdir}'
prefix='/usr/local'
program_transform_name='s,x,x,'
psdir='${docdir}'
runstatedir='${localstatedir}/run'
sbindir='${exec_prefix}/sbin'
sharedstatedir='${prefix}/com'
sysconfdir='${prefix}/etc'
target_alias=''

## ----------- ##
## confdefs.h. ##
## ----------- ##

/* confdefs.h */
#define PACKAGE_NAME "arena"
#define PACKAGE_TARNAME "arena"
#define PACKAGE_VERSION "1.0"
#define PACKAGE_STRING "arena 1.0"
#define PACKAGE_BUGREPORT "fateixeira@criticalsoftware.com"
#define PACKAGE_URL ""
#define PACKAGE "arena"
#define VERSION "1.0"
#define STDC_HEADERS 1
#define HAVE_SYS_TYPES_H 1
#define HAVE_SYS_STAT_H 1
#define HAVE_STDLIB_H 1
#define HAVE_STRING_H 1
#define HAVE_MEMORY_H 1
#define HAVE_STRINGS_H 1
#define HAVE_INTTYPES_H 1
#define HAVE_STDINT_H 1
#define HAVE_UNISTD_H 1
#define HAVE_DLFCN_H 1
#define LT_OBJDIR ".libs/"

configure: exit 0

## ---------------------- ##
## Running config.status. ##
## ---------------------- ##

This file was extended by arena config.status 1.0, which was
generated by GNU Autoconf 2.69.  Invocation command line was

  CONFIG_FILES    = 
  CONFIG_HEADERS  = 
  CONFIG_LINKS    = 
  CONFIG_COMMANDS = 
  $ ./config.status 

on kiepe-VirtualBox

config.status:1146: creating Makefile
config.status:1146: creating libRobot/src/Makefile
config.status:1146: creating arena/src/Makefile
config.status:1146: creating bots/teixeirinha/Makefile
config.status:1146: creating config.h
config.status:1327: config.h is unchanged
config.status:1375: executing depfiles commands
config.status:1452: cd libRobot/src       && sed -e '/# am--include-marker/d' Makefile         | make -f - am--depfiles
make[1]: Entering directory '/home/kiepe/criticalfight/libRobot/src'
make[1]: Nothing to be done for 'am--depfiles'.
make[1]: Leaving directory '/home/kiepe/criticalfight/libRobot/src'
config.status:1457: $? = 0
config.status:1452: cd arena/src       && sed -e '/# am--include-marker/d' Makefile         | make -f - am--depfiles
make[1]: Entering directory '/home/kiepe/criticalfight/arena/src'
make[1]: Nothing to be done for 'am--depfiles'.
make[1]: Leaving directory '/home/kiepe/criticalfight/arena/src'
config.status:1457: $? = 0
config.status:1452: cd bots/teixeirinha       && sed -e '/# am--include-marker/d' Makefile         | make -f - am--depfiles
make[1]: Entering directory '/home/kiepe/criticalfight/bots/teixeirinha'
make[1]: Nothing to be done for 'am--depfiles'.
make[1]: Leaving directory '/home/kiepe/criticalfight/bots/teixeirinha'
config.status:1457: $? = 0
config.status:1375: executing libtool commands

## ---------------------- ##
## Running config.status. ##
## ---------------------- ##

This file was extended by arena config.status 1.0, which was
generated by GNU Autoconf 2.69.  Invocation command line was

  CONFIG_FILES    = 
  CONFIG_HEADERS  = 
  CONFIG_LINKS    = 
  CONFIG_COMMANDS = 
  $ ./config.status config.h

on kiepe-VirtualBox

config.status:1146: creating config.h
config.status:1327: config.h is unchanged

## ---------------------- ##
## Running config.status. ##
## ---------------------- ##

This file was extended by arena config.status 1.0, which was
generated by GNU Autoconf 2.69.  Invocation command line was

  CONFIG_FILES    = 
  CONFIG_HEADERS  = 
  CONFIG_LINKS    = 
  CONFIG_COMMANDS = 
  $ ./config.status arena/src/Makefile depfiles

on kiepe-VirtualBox

config.status:1146: creating arena/src/Makefile
config.status:1375: executing depfiles commands
config.status:1452: cd arena/src       && sed -e '/# am--include-marker/d' Makefile         | make -f - am--depfiles
make[3]: Entering directory '/home/kiepe/criticalfight/arena/src'
make[3]: Leaving directory '/home/kiepe/criticalfight/arena/src'
config.status:1457: $? = 0

## ---------------------- ##
## Running config.status. ##
## ---------------------- ##

This file was extended by arena config.status 1.0, which was
generated by GNU Autoconf 2.69.  Invocation command line was

  CONFIG_FILES    = 
  CONFIG_HEADERS  = 
  CONFIG_LINKS    = 
  CONFIG_COMMANDS = 
  $ ./config.status arena/src/Makefile depfiles

on kiepe-VirtualBox

config.status:1146: creating arena/src/Makefile
config.status:1375: executing depfiles commands
config.status:1452: cd arena/src       && sed -e '/# am--include-marker/d' Makefile         | make -f - am--depfiles
make[3]: Entering directory '/home/kiepe/criticalfight/arena/src'
make[3]: Nothing to be done for 'am--depfiles'.
make[3]: Leaving directory '/home/kiepe/criticalfight/arena/src'
config.status:1457: $? = 0
